  0.2344050    
  0.2152604    
  0.1351004    
  0.1139454    
  1.4443388E-02
  9.9498844E-03
  9.7005637E-03
  0.2116421    
  0.6070502    
  0.6777703    
  5.9367463E-02
  0.2634998    
  0.2778603    
  4.7573801E-02
  0.1615380    
  4.3563213E-02
  3.7834663E-02
  0.1289258    
  4.2161047E-02
  3.7824638E-02
  0.1064674    
   4.147575    
  0.2796254    
  0.4708011    
  0.1203694    
  0.9400778    
  0.2887368    
  0.8861177    
  0.1593184    
  0.1253805    
  0.1228925    
  0.1213565    
  0.1198621    
  0.1183883    
  0.1169310    
  0.5963182    
  0.7999219    
  0.1594205    
  0.1294985    
  0.1270805    
  0.1254960    
  0.1239507    
  0.1224248    
  0.1209178    
  0.1194293    
  0.1553729    
  0.3055857    
  0.7622148    
   1.877365    
  0.2277785    
  0.1524871    
  0.1555357    
  0.2314690    
  0.1498821    
  0.1445127    
  0.1426295    
  0.1408712    
  0.1391370    
  0.1374242    
  0.1357325    
  0.1340617    
  0.1324114    
  0.1307814    
  0.1291715    
  0.1275814    
  0.1260109    
  0.1244597    
  0.1229276    
  0.1214143    
  0.1199197    
  0.1184435    
  0.1169855    
  0.1155454    
  0.1141230    
  0.1127182    
  0.1113306    
  0.1099601    
  0.1086065    
  0.1072696    
  0.1059491    
  0.1046448    
  0.1033567    
  0.1020843    
  0.1008277    
  9.9586494E-02
  9.8360583E-02
  9.7149767E-02
  9.5953852E-02
  9.4772659E-02
  9.3606003E-02
  9.2453718E-02
  9.1315612E-02
  9.0191521E-02
  8.9081258E-02
  8.7984674E-02
  8.6901575E-02
  8.5831821E-02
  8.4775232E-02
  8.3731644E-02
  8.2700916E-02
  8.1682868E-02
  8.0677345E-02
  7.9684213E-02
  7.8703299E-02
  0.8839054    
  0.6153561    
  0.1181790    
  9.5292866E-02
  9.3491040E-02
  9.2324764E-02
  9.1187909E-02
  9.0065375E-02
  8.8956669E-02
   2.689881    
  0.9883267    
  0.1730516    
  0.1365790    
  0.1338981    
  0.1698178    
  0.1660078    
   1.678203    
  0.2197176    
  0.1589003    
  0.1491831    
   2.513028    
  0.2847241    
   1.002055    
  0.6503026    
  0.6142204    
   5.162113    
  0.4879990    
  0.2756203    
  0.2661275    
  0.2627016    
   4.285720    
   1.111344    
  0.3564251    
  0.3213719    
  0.3165338    
  0.3126159    
  0.3087671    
  0.3049662    
  0.3012120    
  0.2975041    
   4.035378    
  0.5723556    
  0.3524388    
   1.102874    
  0.3814747    
  0.9250855    
  0.4250270    
  0.3483077    
  0.3411847    
  0.3369044    
  0.5419248    
   9.723805    
   1.062741    
  0.5080369    
   2.677970    
  0.5896936    
  0.4903417    
  0.4815826    
  0.4755874    
  0.9443938    
   4.050578    
   5.688696    
  0.8294991    
  0.7287236    
  0.5861532    
  0.5730869    
  0.5658603    
   1.016459    
   1.961372    
   11.07904    
   1.184265    
  0.7332236    
  0.7112998    
  0.7022267    
   2.044632    
   10.57581    
   1.277541    
  0.8517771    
  0.8291751    
  0.8186702    
   1.224182    
  0.8231367    
  0.7957053    
  0.8549424    
  0.7798182    
  0.8015726    
  0.8597566    
  0.7549239    
  0.7414285    
   5.598986    
   1.010122    
  0.7951130    
  0.7793350    
  0.7695941    
   5.385942    
   2.293821    
  0.8932696    
   12.45867    
   2.089089    
   1.029980    
  0.9783719    
  0.9652485    
   6.194040    
   13.37231    
   3.069098    
   1.278340    
   4.698690    
   17.23718    
   6.809215    
   2.048757    
   1.521070    
   1.483178    
   1.464385    
   1.446346    
   2.797285    
   1.491661    
   1.416327    
   1.397207    
   1.379966    
   1.362977    
   1.346199    
   3.927911    
   6.863207    
   9.734547    
   1.886410    
   9.231604    
   3.060154    
   1.666676    
   1.712489    
   5.243984    
   1.768045    
   1.636771    
   1.571887    
   9.995223    
   2.185869    
   1.662144    
   1.624776    
   1.604328    
   3.136110    
   1.656545    
   1.571572    
   1.550316    
   1.531185    
   1.533972    
   1.784539    
   1.492762    
   1.462308    
   1.443950    
   8.250042    
   1.810965    
   1.504637    
   1.507152    
   3.141172    
   1.955471    
   7.754764    
   1.809101    
   1.524941    
   3.379835    
   1.787238    
   1.504415    
   3.648434    
   1.585068    
   1.475099    
   1.454265    
   1.436298    
   1.418615    
   14.59225    
   3.955682    
   1.691795    
   1.580060    
   1.558003    
   20.98183    
   2.666236    
   1.824123    
   5.084312    
   18.39651    
   15.06280    
   2.770233    
   3.110809    
   2.336362    
   2.148218    
   2.115220    
   2.088994    
   2.063274    
   2.037875    
   2.111800    
   6.772832    
   8.842334    
   2.410667    
   19.57284    
   5.795348    
   3.382112    
   2.377010    
   2.306718    
   2.277129    
   2.249069    
   2.221382    
   2.194037    
   2.167028    
   2.140352    
   2.114005    
   2.087981    
   2.062278    
   2.036891    
   2.011817    
   1.987052    
   1.962592    
   2.004981    
   1.918494    
   1.892107    
   1.868733    
   1.845727    
   3.858430    
   1.930351    
   2.918011    
   1.852731    
   1.783847    
   1.937256    
   1.749241    
   1.720351    
   1.698956    
   1.678036    
   1.657379    
   2.724390    
   1.892984    
   1.627491    
   1.597292    
   2.344887    
   2.146783    
   1.889356    
   2.164440    
   2.669880    
   1.916244    
   1.535472    
   1.616352    
   1.575808    
   1.471118    
   1.772134    
   1.450346    
   1.434491    
   4.017597    
   2.165368    
   4.606147    
   1.586649    
   1.434794    
   1.413223    
   1.395730    
   1.378547    
   4.442829    
   3.931720    
   1.873313    
   4.496338    
   3.781072    
   7.672047    
   6.835890    
   8.146825    
   2.312529    
   3.582737    
   1.742011    
   1.640440    
   1.628392    
   1.924994    
   2.546234    
   2.453409    
   1.609611    
   1.642037    
   1.538954    
   1.516317    
   1.497542    
   1.479104    
   1.460896    
   1.442913    
   1.953911    
   1.438784    
   1.740005    
   1.401294    
   1.369836    
   1.352554    
   3.169606    
   1.894979    
   1.466073    
   1.397859    
   1.876291    
   1.343922    
   1.338511    
   1.917966    
   2.644493    
   1.352634    
   1.257667    
   1.239549    
   1.224220    
   3.677780    
   13.85025    
   14.41782    
   2.145005    
   1.584512    
   1.549291    
   1.529834    
   1.707127    
   2.637289    
   1.544104    
   1.477682    
   1.458090    
   1.440107    
   1.422382    
   1.404869    
   1.387575    
   1.370494    
   1.353623    
   1.336960    
   1.323951    
   1.304450    
   1.288249    
   1.272386    
   1.261138    
   1.241513    
   1.226046    
   1.210948    
   1.196041    
   1.181318    
   1.166776    
   1.152413    
   1.138227    
   1.124215    
   1.110376    
   1.096707    
   1.083207    
   1.069873    
   1.056703    
   1.043695    
   1.030847    
   1.034977    
   1.006615    
  0.9935238    
  0.9812728    
  0.9691929    
  0.9572621    
  0.9454782    
  0.9338394    
  0.9223439    
  0.9109898    
  0.8997756    
  0.8886993    
  0.8777594    
  0.8669542    
  0.8562819    
  0.8457411    
  0.8353301    
  0.8250471    
  0.8148908    
  0.8048595    
   1.237454    
  0.8112571    
  0.7828518    
  0.7726703    
  0.7631453    
  0.7537507    
  0.7444720    
  0.7353076    
  0.7262560    
  0.7714269    
  0.7755679    
  0.7044303    
  0.7225177    
  0.6892466    
  0.6766658    
  0.6681713    
  0.6599414    
  0.6518174    
  0.6437935    
  0.6358684    
  0.6280409    
  0.6203097    
  0.6126737    
  0.6051316    
   1.917087    
  0.8160517    
  0.6181703    
   3.640020    
  0.7701799    
   1.234887    
  0.6579692    
  0.6247703    
  0.6163380    
  0.6087326    
   2.195187    
  0.6878212    
  0.6130081    
  0.6035001    
   8.979675    
   1.083009    
   1.906556    
   3.253620    
  0.8586949    
   1.488922    
   9.458799    
   1.246429    
   8.816329    
   1.318704    
   1.978678    
   1.009900    
  0.9520633    
  0.9389548    
  0.9273615    
  0.9159449    
  0.9046696    
   2.704189    
  0.9892952    
   3.723931    
   1.054825    
  0.9243162    
  0.9094630    
  0.8981822    
   1.792201    
   5.738408    
   4.423200    
   1.928613    
   1.031383    
  0.9817275    
  0.9685706    
  0.9566214    
   1.049504    
  0.9393848    
  0.9234647    
  0.9119681    
  0.9007385    
   1.032439    
   3.794710    
   1.041694    
  0.9076704    
  0.8929139    
  0.9616767    
   8.785848    
   1.327987    
  0.9822913    
  0.9604608    
  0.9483981    
   1.332216    
   6.125172    
   2.211268    
   1.052672    
  0.9923024    
  0.9787170    
  0.9666358    
   1.316923    
  0.9643384    
   1.519267    
   6.303057    
   1.238730    
   1.000355    
  0.9814461    
  0.9692025    
  0.9572681    
  0.9454841    
  0.9338452    
  0.9223496    
  0.9109954    
  0.8997810    
  0.9505685    
   1.126394    
  0.8824320    
  0.8648236    
   1.368647    
  0.9204017    
   1.323705    
  0.8565586    
  0.8258527    
   1.394631    
   5.499804    
   1.079562    
  0.8715681    
   2.532174    
  0.9433037    
  0.8618818    
  0.8492078    
   1.811151    
   1.038636    
  0.9300898    
   2.366822    
   1.040734    
   1.060359    
  0.9148089    
  0.8199657    
  0.8062704    
  0.7962402    
  0.7864359    
  0.7767548    
  0.7671929    
  0.7577488    
  0.8552827    
  0.7455087    
  0.7318835    
  0.7227425    
  0.7138423    
  0.9990429    
   6.358045    
   1.025494    
  0.7775698    
  0.7610418    
  0.7515024    
  0.7422476    
   2.508773    
   1.624385    
   15.71908    
   1.626705    
   1.029063    
  0.9564334    
  0.9751084    
  0.9326112    
  0.9197655    
  0.9084028    
  0.8972194    
  0.8861746    
  0.8752658    
  0.8644912    
   1.300893    
  0.9555778    
  0.9091881    
   1.411300    
   1.923867    
  0.8839970    
  0.8279392    
   11.44184    
   9.489964    
   1.448001    
   1.081730    
   1.058176    
   1.044899    
   1.549010    
   1.169754    
   1.759839    
   1.057288    
   1.133617    
  0.9984507    
  0.9807519    
   1.477292    
   1.016653    
  0.9648577    
   1.844859    
   7.046640    
   3.625702    
   1.159262    
   1.040322    
   1.024458    
   1.011772    
   1.007633    
   2.995198    
   3.238250    
   6.771039    
   5.104923    
   1.396041    
   1.858693    
   1.162470    
   1.118129    
   1.103478    
   1.632224    
   1.198933    
   1.077551    
   1.059852    
   1.046677    
   1.033790    
   1.021063    
   1.008494    
   1.161186    
   4.112346    
   1.158343    
   1.014065    
  0.9977379    
  0.9853613    
  0.9732295    
  0.9612490    
   1.757409    
  0.9853703    
  0.9396087    
  0.9270476    
  0.9156111    
  0.9043394    
  0.8932071    
  0.9159777    
  0.8733426    
  0.8855694    
   1.309114    
  0.8815948    
   1.113610    
  0.8432750    
   1.502819    
   1.463712    
  0.8833609    
  0.8136908    
   4.450261    
   1.006662    
   1.335181    
  0.9284426    
  0.8296566    
  0.8158436    
   1.055286    
  0.8372616    
  0.8391582    
  0.7855601    
  0.8269304    
  0.7654058    
   1.203707    
  0.9676132    
   1.935880    
   1.248761    
  0.7726485    
   4.251371    
   4.823956    
   1.011738    
   2.009572    
  0.8875271    
  0.8275216    
  0.8158844    
  0.8058053    
   3.916112    
   1.041566    
   1.541812    
   1.695542    
  0.8663941    
  0.8199576    
  0.8088105    
  0.9004502    
   2.643302    
  0.9203877    
  0.8882234    
   1.134419    
  0.9148182    
   1.723859    
  0.8250513    
  0.7756434    
  0.7649353    
  0.7554905    
  0.8926480    
  0.8185546    
  0.7346641    
  0.7224051    
  0.7393662    
  0.7061636    
  0.8354247    
  0.6959839    
  0.6816285    
  0.6730665    
  0.6647769    
  0.6565934    
  0.6485108    
  0.6405276    
  0.6326427    
  0.6248549    
  0.6952505    
   1.366995    
  0.6477479    
  0.7923578    
  0.9651052    
  0.6164665    
  0.5939023    
  0.5861496    
  0.5789233    
  0.6269751    
  0.5680112    
  0.5587223    
  0.5517765    
  0.5449824    
  0.5382737    
  0.5316475    
  0.5251029    
  0.5186389    
  0.5122545    
  0.5095469    
  0.8427125    
  0.5138399    
  0.5567680    
  0.4904942    
  0.4818017    
  0.4757922    
  0.4699333    
  0.4641484    
  0.6465333    
   1.695771    
  0.5229782    
  0.4650330    
  0.4577865    
  0.5126172    
  0.4501148    
  0.4420556    
  0.4365394    
  0.4311637    
  0.4258561    
  0.4206138    
  0.4154360    
  0.5265151    
  0.5167571    
